<?xml version="1.0" encoding="UTF-8"?>
<testsuites>
  <testsuite name="" tests="86" assertions="246" errors="0" warnings="0" failures="0" skipped="0" time="0.019229">
    <testsuite name="Omnipay Test Suite" tests="86" assertions="246" errors="0" warnings="0" failures="0" skipped="0" time="0.019229">
      <testsuite name="Omnipay\Cathaybk\Tests\GatewayTest" file="/Users/recca0120/Sites/omnipay-cathaybk/tests/GatewayTest.php" tests="33" assertions="70" errors="0" warnings="0" failures="0" skipped="0" time="0.009009">
        <testcase name="testPurchase" class="Omnipay\Cathaybk\Tests\GatewayTest" classname="Omnipay.Cathaybk.Tests.GatewayTest" file="/Users/recca0120/Sites/omnipay-cathaybk/tests/GatewayTest.php" line="38" assertions="4" time="0.005469"/>
        <testcase name="testGetAcceptNotificationWhenCompletePurchaseHasStrRsXML" class="Omnipay\Cathaybk\Tests\GatewayTest" classname="Omnipay.Cathaybk.Tests.GatewayTest" file="/Users/recca0120/Sites/omnipay-cathaybk/tests/GatewayTest.php" line="55" assertions="1" time="0.000182"/>
        <testcase name="testCompletePurchase" class="Omnipay\Cathaybk\Tests\GatewayTest" classname="Omnipay.Cathaybk.Tests.GatewayTest" file="/Users/recca0120/Sites/omnipay-cathaybk/tests/GatewayTest.php" line="64" assertions="3" time="0.000566"/>
        <testcase name="testAcceptNotification" class="Omnipay\Cathaybk\Tests\GatewayTest" classname="Omnipay.Cathaybk.Tests.GatewayTest" file="/Users/recca0120/Sites/omnipay-cathaybk/tests/GatewayTest.php" line="78" assertions="1" time="0.000064"/>
        <testcase name="testFetchTransaction" class="Omnipay\Cathaybk\Tests\GatewayTest" classname="Omnipay.Cathaybk.Tests.GatewayTest" file="/Users/recca0120/Sites/omnipay-cathaybk/tests/GatewayTest.php" line="86" assertions="1" time="0.000131"/>
        <testcase name="testRefund" class="Omnipay\Cathaybk\Tests\GatewayTest" classname="Omnipay.Cathaybk.Tests.GatewayTest" file="/Users/recca0120/Sites/omnipay-cathaybk/tests/GatewayTest.php" line="93" assertions="1" time="0.000143"/>
        <testcase name="testVoid" class="Omnipay\Cathaybk\Tests\GatewayTest" classname="Omnipay.Cathaybk.Tests.GatewayTest" file="/Users/recca0120/Sites/omnipay-cathaybk/tests/GatewayTest.php" line="100" assertions="1" time="0.000097"/>
        <testcase name="testGetNameNotEmpty" class="Omnipay\Cathaybk\Tests\GatewayTest" classname="Omnipay.Cathaybk.Tests.GatewayTest" file="/Users/recca0120/Sites/omnipay-cathaybk/tests/GatewayTest.php" line="18" assertions="2" time="0.000309"/>
        <testcase name="testGetShortNameNotEmpty" class="Omnipay\Cathaybk\Tests\GatewayTest" classname="Omnipay.Cathaybk.Tests.GatewayTest" file="/Users/recca0120/Sites/omnipay-cathaybk/tests/GatewayTest.php" line="25" assertions="2" time="0.000062"/>
        <testcase name="testGetDefaultParametersReturnsArray" class="Omnipay\Cathaybk\Tests\GatewayTest" classname="Omnipay.Cathaybk.Tests.GatewayTest" file="/Users/recca0120/Sites/omnipay-cathaybk/tests/GatewayTest.php" line="32" assertions="1" time="0.000052"/>
        <testcase name="testDefaultParametersHaveMatchingMethods" class="Omnipay\Cathaybk\Tests\GatewayTest" classname="Omnipay.Cathaybk.Tests.GatewayTest" file="/Users/recca0120/Sites/omnipay-cathaybk/tests/GatewayTest.php" line="38" assertions="12" time="0.000146"/>
        <testcase name="testTestMode" class="Omnipay\Cathaybk\Tests\GatewayTest" classname="Omnipay.Cathaybk.Tests.GatewayTest" file="/Users/recca0120/Sites/omnipay-cathaybk/tests/GatewayTest.php" line="55" assertions="4" time="0.000057"/>
        <testcase name="testCurrency" class="Omnipay\Cathaybk\Tests\GatewayTest" classname="Omnipay.Cathaybk.Tests.GatewayTest" file="/Users/recca0120/Sites/omnipay-cathaybk/tests/GatewayTest.php" line="64" assertions="2" time="0.000054"/>
        <testcase name="testSupportsAuthorize" class="Omnipay\Cathaybk\Tests\GatewayTest" classname="Omnipay.Cathaybk.Tests.GatewayTest" file="/Users/recca0120/Sites/omnipay-cathaybk/tests/GatewayTest.php" line="71" assertions="2" time="0.000081"/>
        <testcase name="testSupportsCompleteAuthorize" class="Omnipay\Cathaybk\Tests\GatewayTest" classname="Omnipay.Cathaybk.Tests.GatewayTest" file="/Users/recca0120/Sites/omnipay-cathaybk/tests/GatewayTest.php" line="83" assertions="2" time="0.000060"/>
        <testcase name="testSupportsCapture" class="Omnipay\Cathaybk\Tests\GatewayTest" classname="Omnipay.Cathaybk.Tests.GatewayTest" file="/Users/recca0120/Sites/omnipay-cathaybk/tests/GatewayTest.php" line="95" assertions="2" time="0.000118"/>
        <testcase name="testSupportsPurchase" class="Omnipay\Cathaybk\Tests\GatewayTest" classname="Omnipay.Cathaybk.Tests.GatewayTest" file="/Users/recca0120/Sites/omnipay-cathaybk/tests/GatewayTest.php" line="107" assertions="2" time="0.000065"/>
        <testcase name="testSupportsCompletePurchase" class="Omnipay\Cathaybk\Tests\GatewayTest" classname="Omnipay.Cathaybk.Tests.GatewayTest" file="/Users/recca0120/Sites/omnipay-cathaybk/tests/GatewayTest.php" line="119" assertions="2" time="0.000145"/>
        <testcase name="testSupportsRefund" class="Omnipay\Cathaybk\Tests\GatewayTest" classname="Omnipay.Cathaybk.Tests.GatewayTest" file="/Users/recca0120/Sites/omnipay-cathaybk/tests/GatewayTest.php" line="131" assertions="2" time="0.000087"/>
        <testcase name="testSupportsVoid" class="Omnipay\Cathaybk\Tests\GatewayTest" classname="Omnipay.Cathaybk.Tests.GatewayTest" file="/Users/recca0120/Sites/omnipay-cathaybk/tests/GatewayTest.php" line="143" assertions="2" time="0.000079"/>
        <testcase name="testSupportsCreateCard" class="Omnipay\Cathaybk\Tests\GatewayTest" classname="Omnipay.Cathaybk.Tests.GatewayTest" file="/Users/recca0120/Sites/omnipay-cathaybk/tests/GatewayTest.php" line="155" assertions="2" time="0.000073"/>
        <testcase name="testSupportsDeleteCard" class="Omnipay\Cathaybk\Tests\GatewayTest" classname="Omnipay.Cathaybk.Tests.GatewayTest" file="/Users/recca0120/Sites/omnipay-cathaybk/tests/GatewayTest.php" line="167" assertions="2" time="0.000069"/>
        <testcase name="testSupportsUpdateCard" class="Omnipay\Cathaybk\Tests\GatewayTest" classname="Omnipay.Cathaybk.Tests.GatewayTest" file="/Users/recca0120/Sites/omnipay-cathaybk/tests/GatewayTest.php" line="179" assertions="2" time="0.000072"/>
        <testcase name="testAuthorizeParameters" class="Omnipay\Cathaybk\Tests\GatewayTest" classname="Omnipay.Cathaybk.Tests.GatewayTest" file="/Users/recca0120/Sites/omnipay-cathaybk/tests/GatewayTest.php" line="191" assertions="0" time="0.000072"/>
        <testcase name="testCompleteAuthorizeParameters" class="Omnipay\Cathaybk\Tests\GatewayTest" classname="Omnipay.Cathaybk.Tests.GatewayTest" file="/Users/recca0120/Sites/omnipay-cathaybk/tests/GatewayTest.php" line="210" assertions="0" time="0.000070"/>
        <testcase name="testCaptureParameters" class="Omnipay\Cathaybk\Tests\GatewayTest" classname="Omnipay.Cathaybk.Tests.GatewayTest" file="/Users/recca0120/Sites/omnipay-cathaybk/tests/GatewayTest.php" line="229" assertions="3" time="0.000093"/>
        <testcase name="testPurchaseParameters" class="Omnipay\Cathaybk\Tests\GatewayTest" classname="Omnipay.Cathaybk.Tests.GatewayTest" file="/Users/recca0120/Sites/omnipay-cathaybk/tests/GatewayTest.php" line="248" assertions="3" time="0.000084"/>
        <testcase name="testCompletePurchaseParameters" class="Omnipay\Cathaybk\Tests\GatewayTest" classname="Omnipay.Cathaybk.Tests.GatewayTest" file="/Users/recca0120/Sites/omnipay-cathaybk/tests/GatewayTest.php" line="267" assertions="3" time="0.000088"/>
        <testcase name="testRefundParameters" class="Omnipay\Cathaybk\Tests\GatewayTest" classname="Omnipay.Cathaybk.Tests.GatewayTest" file="/Users/recca0120/Sites/omnipay-cathaybk/tests/GatewayTest.php" line="286" assertions="3" time="0.000090"/>
        <testcase name="testVoidParameters" class="Omnipay\Cathaybk\Tests\GatewayTest" classname="Omnipay.Cathaybk.Tests.GatewayTest" file="/Users/recca0120/Sites/omnipay-cathaybk/tests/GatewayTest.php" line="305" assertions="3" time="0.000089"/>
        <testcase name="testCreateCardParameters" class="Omnipay\Cathaybk\Tests\GatewayTest" classname="Omnipay.Cathaybk.Tests.GatewayTest" file="/Users/recca0120/Sites/omnipay-cathaybk/tests/GatewayTest.php" line="324" assertions="0" time="0.000081"/>
        <testcase name="testDeleteCardParameters" class="Omnipay\Cathaybk\Tests\GatewayTest" classname="Omnipay.Cathaybk.Tests.GatewayTest" file="/Users/recca0120/Sites/omnipay-cathaybk/tests/GatewayTest.php" line="343" assertions="0" time="0.000082"/>
        <testcase name="testUpdateCardParameters" class="Omnipay\Cathaybk\Tests\GatewayTest" classname="Omnipay.Cathaybk.Tests.GatewayTest" file="/Users/recca0120/Sites/omnipay-cathaybk/tests/GatewayTest.php" line="362" assertions="0" time="0.000080"/>
      </testsuite>
      <testsuite name="Omnipay\Cathaybk\Tests\Message\AcceptNotificationRequestTest" file="/Users/recca0120/Sites/omnipay-cathaybk/tests/Message/AcceptNotificationRequestTest.php" tests="2" assertions="4" errors="0" warnings="0" failures="0" skipped="0" time="0.000266">
        <testcase name="testGetData" class="Omnipay\Cathaybk\Tests\Message\AcceptNotificationRequestTest" classname="Omnipay.Cathaybk.Tests.Message.AcceptNotificationRequestTest" file="/Users/recca0120/Sites/omnipay-cathaybk/tests/Message/AcceptNotificationRequestTest.php" line="16" assertions="1" time="0.000162"/>
        <testcase name="testNotification" class="Omnipay\Cathaybk\Tests\Message\AcceptNotificationRequestTest" classname="Omnipay.Cathaybk.Tests.Message.AcceptNotificationRequestTest" file="/Users/recca0120/Sites/omnipay-cathaybk/tests/Message/AcceptNotificationRequestTest.php" line="49" assertions="3" time="0.000104"/>
      </testsuite>
      <testsuite name="Omnipay\Cathaybk\Tests\Message\AcceptNotificationResponseTest" file="/Users/recca0120/Sites/omnipay-cathaybk/tests/Message/AcceptNotificationResponseTest.php" tests="1" assertions="7" errors="0" warnings="0" failures="0" skipped="0" time="0.001528">
        <testcase name="testSuccess" class="Omnipay\Cathaybk\Tests\Message\AcceptNotificationResponseTest" classname="Omnipay.Cathaybk.Tests.Message.AcceptNotificationResponseTest" file="/Users/recca0120/Sites/omnipay-cathaybk/tests/Message/AcceptNotificationResponseTest.php" line="11" assertions="7" time="0.001528"/>
      </testsuite>
      <testsuite name="Omnipay\Cathaybk\Tests\Message\CaptureRequestTest" file="/Users/recca0120/Sites/omnipay-cathaybk/tests/Message/CaptureRequestTest.php" tests="4" assertions="19" errors="0" warnings="0" failures="0" skipped="0" time="0.001277">
        <testcase name="testGetData" class="Omnipay\Cathaybk\Tests\Message\CaptureRequestTest" classname="Omnipay.Cathaybk.Tests.Message.CaptureRequestTest" file="/Users/recca0120/Sites/omnipay-cathaybk/tests/Message/CaptureRequestTest.php" line="12" assertions="5" time="0.001029"/>
        <testcase name="testResponse" class="Omnipay\Cathaybk\Tests\Message\CaptureRequestTest" classname="Omnipay.Cathaybk.Tests.Message.CaptureRequestTest" file="/Users/recca0120/Sites/omnipay-cathaybk/tests/Message/CaptureRequestTest.php" line="41" assertions="4" time="0.000045"/>
        <testcase name="testGetDataByCancel" class="Omnipay\Cathaybk\Tests\Message\CaptureRequestTest" classname="Omnipay.Cathaybk.Tests.Message.CaptureRequestTest" file="/Users/recca0120/Sites/omnipay-cathaybk/tests/Message/CaptureRequestTest.php" line="58" assertions="5" time="0.000167"/>
        <testcase name="testResponseByCancel" class="Omnipay\Cathaybk\Tests\Message\CaptureRequestTest" classname="Omnipay.Cathaybk.Tests.Message.CaptureRequestTest" file="/Users/recca0120/Sites/omnipay-cathaybk/tests/Message/CaptureRequestTest.php" line="87" assertions="5" time="0.000036"/>
      </testsuite>
      <testsuite name="Omnipay\Cathaybk\Tests\Message\FetchTransactionRequestTest" file="/Users/recca0120/Sites/omnipay-cathaybk/tests/Message/FetchTransactionRequestTest.php" tests="2" assertions="7" errors="0" warnings="0" failures="0" skipped="0" time="0.000232">
        <testcase name="testGetData" class="Omnipay\Cathaybk\Tests\Message\FetchTransactionRequestTest" classname="Omnipay.Cathaybk.Tests.Message.FetchTransactionRequestTest" file="/Users/recca0120/Sites/omnipay-cathaybk/tests/Message/FetchTransactionRequestTest.php" line="12" assertions="5" time="0.000197"/>
        <testcase name="testResponse" class="Omnipay\Cathaybk\Tests\Message\FetchTransactionRequestTest" classname="Omnipay.Cathaybk.Tests.Message.FetchTransactionRequestTest" file="/Users/recca0120/Sites/omnipay-cathaybk/tests/Message/FetchTransactionRequestTest.php" line="39" assertions="2" time="0.000035"/>
      </testsuite>
      <testsuite name="Omnipay\Cathaybk\Tests\Message\PurchaseRequestTest" file="/Users/recca0120/Sites/omnipay-cathaybk/tests/Message/PurchaseRequestTest.php" tests="3" assertions="16" errors="0" warnings="0" failures="0" skipped="0" time="0.000426">
        <testcase name="testGetData" class="Omnipay\Cathaybk\Tests\Message\PurchaseRequestTest" classname="Omnipay.Cathaybk.Tests.Message.PurchaseRequestTest" file="/Users/recca0120/Sites/omnipay-cathaybk/tests/Message/PurchaseRequestTest.php" line="17" assertions="6" time="0.000119"/>
        <testcase name="testGetPeriodNumberData" class="Omnipay\Cathaybk\Tests\Message\PurchaseRequestTest" classname="Omnipay.Cathaybk.Tests.Message.PurchaseRequestTest" file="/Users/recca0120/Sites/omnipay-cathaybk/tests/Message/PurchaseRequestTest.php" line="41" assertions="7" time="0.000118"/>
        <testcase name="testRedirect" class="Omnipay\Cathaybk\Tests\Message\PurchaseRequestTest" classname="Omnipay.Cathaybk.Tests.Message.PurchaseRequestTest" file="/Users/recca0120/Sites/omnipay-cathaybk/tests/Message/PurchaseRequestTest.php" line="66" assertions="3" time="0.000188"/>
      </testsuite>
      <testsuite name="Omnipay\Cathaybk\Tests\Message\PurchaseResponseTest" file="/Users/recca0120/Sites/omnipay-cathaybk/tests/Message/PurchaseResponseTest.php" tests="3" assertions="14" errors="0" warnings="0" failures="0" skipped="0" time="0.000857">
        <testcase name="testSuccess" class="Omnipay\Cathaybk\Tests\Message\PurchaseResponseTest" classname="Omnipay.Cathaybk.Tests.Message.PurchaseResponseTest" file="/Users/recca0120/Sites/omnipay-cathaybk/tests/Message/PurchaseResponseTest.php" line="11" assertions="7" time="0.000702"/>
        <testcase name="testPeriodNumberSuccess" class="Omnipay\Cathaybk\Tests\Message\PurchaseResponseTest" classname="Omnipay.Cathaybk.Tests.Message.PurchaseResponseTest" file="/Users/recca0120/Sites/omnipay-cathaybk/tests/Message/PurchaseResponseTest.php" line="36" assertions="6" time="0.000099"/>
        <testcase name="testSetTestMode" class="Omnipay\Cathaybk\Tests\Message\PurchaseResponseTest" classname="Omnipay.Cathaybk.Tests.Message.PurchaseResponseTest" file="/Users/recca0120/Sites/omnipay-cathaybk/tests/Message/PurchaseResponseTest.php" line="58" assertions="1" time="0.000055"/>
      </testsuite>
      <testsuite name="Omnipay\Cathaybk\Tests\Message\RefundRequestTest" file="/Users/recca0120/Sites/omnipay-cathaybk/tests/Message/RefundRequestTest.php" tests="4" assertions="19" errors="0" warnings="0" failures="0" skipped="0" time="0.000485">
        <testcase name="testGetData" class="Omnipay\Cathaybk\Tests\Message\RefundRequestTest" classname="Omnipay.Cathaybk.Tests.Message.RefundRequestTest" file="/Users/recca0120/Sites/omnipay-cathaybk/tests/Message/RefundRequestTest.php" line="12" assertions="5" time="0.000212"/>
        <testcase name="testResponse" class="Omnipay\Cathaybk\Tests\Message\RefundRequestTest" classname="Omnipay.Cathaybk.Tests.Message.RefundRequestTest" file="/Users/recca0120/Sites/omnipay-cathaybk/tests/Message/RefundRequestTest.php" line="41" assertions="4" time="0.000035"/>
        <testcase name="testGetDataByCancel" class="Omnipay\Cathaybk\Tests\Message\RefundRequestTest" classname="Omnipay.Cathaybk.Tests.Message.RefundRequestTest" file="/Users/recca0120/Sites/omnipay-cathaybk/tests/Message/RefundRequestTest.php" line="59" assertions="5" time="0.000204"/>
        <testcase name="testResponseByCancel" class="Omnipay\Cathaybk\Tests\Message\RefundRequestTest" classname="Omnipay.Cathaybk.Tests.Message.RefundRequestTest" file="/Users/recca0120/Sites/omnipay-cathaybk/tests/Message/RefundRequestTest.php" line="88" assertions="5" time="0.000033"/>
      </testsuite>
      <testsuite name="Omnipay\Cathaybk\Tests\Message\UnionPayPurchaseRequestTest" file="/Users/recca0120/Sites/omnipay-cathaybk/tests/Message/UnionPayPurchaseRequestTest.php" tests="2" assertions="8" errors="0" warnings="0" failures="0" skipped="0" time="0.000358">
        <testcase name="testGetData" class="Omnipay\Cathaybk\Tests\Message\UnionPayPurchaseRequestTest" classname="Omnipay.Cathaybk.Tests.Message.UnionPayPurchaseRequestTest" file="/Users/recca0120/Sites/omnipay-cathaybk/tests/Message/UnionPayPurchaseRequestTest.php" line="13" assertions="5" time="0.000170"/>
        <testcase name="testRedirect" class="Omnipay\Cathaybk\Tests\Message\UnionPayPurchaseRequestTest" classname="Omnipay.Cathaybk.Tests.Message.UnionPayPurchaseRequestTest" file="/Users/recca0120/Sites/omnipay-cathaybk/tests/Message/UnionPayPurchaseRequestTest.php" line="33" assertions="3" time="0.000188"/>
      </testsuite>
      <testsuite name="Omnipay\Cathaybk\Tests\Message\UnionPayPurchaseResponseTest" file="/Users/recca0120/Sites/omnipay-cathaybk/tests/Message/UnionPayPurchaseResponseTest.php" tests="1" assertions="7" errors="0" warnings="0" failures="0" skipped="0" time="0.000090">
        <testcase name="testSuccess" class="Omnipay\Cathaybk\Tests\Message\UnionPayPurchaseResponseTest" classname="Omnipay.Cathaybk.Tests.Message.UnionPayPurchaseResponseTest" file="/Users/recca0120/Sites/omnipay-cathaybk/tests/Message/UnionPayPurchaseResponseTest.php" line="10" assertions="7" time="0.000090"/>
      </testsuite>
      <testsuite name="Omnipay\Cathaybk\Tests\Message\VoidRequestTest" file="/Users/recca0120/Sites/omnipay-cathaybk/tests/Message/VoidRequestTest.php" tests="2" assertions="9" errors="0" warnings="0" failures="0" skipped="0" time="0.000236">
        <testcase name="testGetData" class="Omnipay\Cathaybk\Tests\Message\VoidRequestTest" classname="Omnipay.Cathaybk.Tests.Message.VoidRequestTest" file="/Users/recca0120/Sites/omnipay-cathaybk/tests/Message/VoidRequestTest.php" line="12" assertions="5" time="0.000201"/>
        <testcase name="testResponse" class="Omnipay\Cathaybk\Tests\Message\VoidRequestTest" classname="Omnipay.Cathaybk.Tests.Message.VoidRequestTest" file="/Users/recca0120/Sites/omnipay-cathaybk/tests/Message/VoidRequestTest.php" line="39" assertions="4" time="0.000035"/>
      </testsuite>
      <testsuite name="Omnipay\Cathaybk\Tests\UnionPayGatewayTest" file="/Users/recca0120/Sites/omnipay-cathaybk/tests/UnionPayGatewayTest.php" tests="29" assertions="66" errors="0" warnings="0" failures="0" skipped="0" time="0.004464">
        <testcase name="testPurchase" class="Omnipay\Cathaybk\Tests\UnionPayGatewayTest" classname="Omnipay.Cathaybk.Tests.UnionPayGatewayTest" file="/Users/recca0120/Sites/omnipay-cathaybk/tests/UnionPayGatewayTest.php" line="35" assertions="4" time="0.000140"/>
        <testcase name="testCompletePurchase" class="Omnipay\Cathaybk\Tests\UnionPayGatewayTest" classname="Omnipay.Cathaybk.Tests.UnionPayGatewayTest" file="/Users/recca0120/Sites/omnipay-cathaybk/tests/UnionPayGatewayTest.php" line="52" assertions="3" time="0.000156"/>
        <testcase name="testAcceptNotification" class="Omnipay\Cathaybk\Tests\UnionPayGatewayTest" classname="Omnipay.Cathaybk.Tests.UnionPayGatewayTest" file="/Users/recca0120/Sites/omnipay-cathaybk/tests/UnionPayGatewayTest.php" line="77" assertions="1" time="0.000133"/>
        <testcase name="testGetNameNotEmpty" class="Omnipay\Cathaybk\Tests\UnionPayGatewayTest" classname="Omnipay.Cathaybk.Tests.UnionPayGatewayTest" file="/Users/recca0120/Sites/omnipay-cathaybk/tests/UnionPayGatewayTest.php" line="18" assertions="2" time="0.000129"/>
        <testcase name="testGetShortNameNotEmpty" class="Omnipay\Cathaybk\Tests\UnionPayGatewayTest" classname="Omnipay.Cathaybk.Tests.UnionPayGatewayTest" file="/Users/recca0120/Sites/omnipay-cathaybk/tests/UnionPayGatewayTest.php" line="25" assertions="2" time="0.000128"/>
        <testcase name="testGetDefaultParametersReturnsArray" class="Omnipay\Cathaybk\Tests\UnionPayGatewayTest" classname="Omnipay.Cathaybk.Tests.UnionPayGatewayTest" file="/Users/recca0120/Sites/omnipay-cathaybk/tests/UnionPayGatewayTest.php" line="32" assertions="1" time="0.000125"/>
        <testcase name="testDefaultParametersHaveMatchingMethods" class="Omnipay\Cathaybk\Tests\UnionPayGatewayTest" classname="Omnipay.Cathaybk.Tests.UnionPayGatewayTest" file="/Users/recca0120/Sites/omnipay-cathaybk/tests/UnionPayGatewayTest.php" line="38" assertions="12" time="0.000141"/>
        <testcase name="testTestMode" class="Omnipay\Cathaybk\Tests\UnionPayGatewayTest" classname="Omnipay.Cathaybk.Tests.UnionPayGatewayTest" file="/Users/recca0120/Sites/omnipay-cathaybk/tests/UnionPayGatewayTest.php" line="55" assertions="4" time="0.000208"/>
        <testcase name="testCurrency" class="Omnipay\Cathaybk\Tests\UnionPayGatewayTest" classname="Omnipay.Cathaybk.Tests.UnionPayGatewayTest" file="/Users/recca0120/Sites/omnipay-cathaybk/tests/UnionPayGatewayTest.php" line="64" assertions="2" time="0.000163"/>
        <testcase name="testSupportsAuthorize" class="Omnipay\Cathaybk\Tests\UnionPayGatewayTest" classname="Omnipay.Cathaybk.Tests.UnionPayGatewayTest" file="/Users/recca0120/Sites/omnipay-cathaybk/tests/UnionPayGatewayTest.php" line="71" assertions="2" time="0.000140"/>
        <testcase name="testSupportsCompleteAuthorize" class="Omnipay\Cathaybk\Tests\UnionPayGatewayTest" classname="Omnipay.Cathaybk.Tests.UnionPayGatewayTest" file="/Users/recca0120/Sites/omnipay-cathaybk/tests/UnionPayGatewayTest.php" line="83" assertions="2" time="0.000139"/>
        <testcase name="testSupportsCapture" class="Omnipay\Cathaybk\Tests\UnionPayGatewayTest" classname="Omnipay.Cathaybk.Tests.UnionPayGatewayTest" file="/Users/recca0120/Sites/omnipay-cathaybk/tests/UnionPayGatewayTest.php" line="95" assertions="2" time="0.000141"/>
        <testcase name="testSupportsPurchase" class="Omnipay\Cathaybk\Tests\UnionPayGatewayTest" classname="Omnipay.Cathaybk.Tests.UnionPayGatewayTest" file="/Users/recca0120/Sites/omnipay-cathaybk/tests/UnionPayGatewayTest.php" line="107" assertions="2" time="0.000146"/>
        <testcase name="testSupportsCompletePurchase" class="Omnipay\Cathaybk\Tests\UnionPayGatewayTest" classname="Omnipay.Cathaybk.Tests.UnionPayGatewayTest" file="/Users/recca0120/Sites/omnipay-cathaybk/tests/UnionPayGatewayTest.php" line="119" assertions="2" time="0.000147"/>
        <testcase name="testSupportsRefund" class="Omnipay\Cathaybk\Tests\UnionPayGatewayTest" classname="Omnipay.Cathaybk.Tests.UnionPayGatewayTest" file="/Users/recca0120/Sites/omnipay-cathaybk/tests/UnionPayGatewayTest.php" line="131" assertions="2" time="0.000141"/>
        <testcase name="testSupportsVoid" class="Omnipay\Cathaybk\Tests\UnionPayGatewayTest" classname="Omnipay.Cathaybk.Tests.UnionPayGatewayTest" file="/Users/recca0120/Sites/omnipay-cathaybk/tests/UnionPayGatewayTest.php" line="143" assertions="2" time="0.000149"/>
        <testcase name="testSupportsCreateCard" class="Omnipay\Cathaybk\Tests\UnionPayGatewayTest" classname="Omnipay.Cathaybk.Tests.UnionPayGatewayTest" file="/Users/recca0120/Sites/omnipay-cathaybk/tests/UnionPayGatewayTest.php" line="155" assertions="2" time="0.000185"/>
        <testcase name="testSupportsDeleteCard" class="Omnipay\Cathaybk\Tests\UnionPayGatewayTest" classname="Omnipay.Cathaybk.Tests.UnionPayGatewayTest" file="/Users/recca0120/Sites/omnipay-cathaybk/tests/UnionPayGatewayTest.php" line="167" assertions="2" time="0.000160"/>
        <testcase name="testSupportsUpdateCard" class="Omnipay\Cathaybk\Tests\UnionPayGatewayTest" classname="Omnipay.Cathaybk.Tests.UnionPayGatewayTest" file="/Users/recca0120/Sites/omnipay-cathaybk/tests/UnionPayGatewayTest.php" line="179" assertions="2" time="0.000152"/>
        <testcase name="testAuthorizeParameters" class="Omnipay\Cathaybk\Tests\UnionPayGatewayTest" classname="Omnipay.Cathaybk.Tests.UnionPayGatewayTest" file="/Users/recca0120/Sites/omnipay-cathaybk/tests/UnionPayGatewayTest.php" line="191" assertions="0" time="0.000157"/>
        <testcase name="testCompleteAuthorizeParameters" class="Omnipay\Cathaybk\Tests\UnionPayGatewayTest" classname="Omnipay.Cathaybk.Tests.UnionPayGatewayTest" file="/Users/recca0120/Sites/omnipay-cathaybk/tests/UnionPayGatewayTest.php" line="210" assertions="0" time="0.000149"/>
        <testcase name="testCaptureParameters" class="Omnipay\Cathaybk\Tests\UnionPayGatewayTest" classname="Omnipay.Cathaybk.Tests.UnionPayGatewayTest" file="/Users/recca0120/Sites/omnipay-cathaybk/tests/UnionPayGatewayTest.php" line="229" assertions="3" time="0.000171"/>
        <testcase name="testPurchaseParameters" class="Omnipay\Cathaybk\Tests\UnionPayGatewayTest" classname="Omnipay.Cathaybk.Tests.UnionPayGatewayTest" file="/Users/recca0120/Sites/omnipay-cathaybk/tests/UnionPayGatewayTest.php" line="248" assertions="3" time="0.000169"/>
        <testcase name="testCompletePurchaseParameters" class="Omnipay\Cathaybk\Tests\UnionPayGatewayTest" classname="Omnipay.Cathaybk.Tests.UnionPayGatewayTest" file="/Users/recca0120/Sites/omnipay-cathaybk/tests/UnionPayGatewayTest.php" line="267" assertions="3" time="0.000180"/>
        <testcase name="testRefundParameters" class="Omnipay\Cathaybk\Tests\UnionPayGatewayTest" classname="Omnipay.Cathaybk.Tests.UnionPayGatewayTest" file="/Users/recca0120/Sites/omnipay-cathaybk/tests/UnionPayGatewayTest.php" line="286" assertions="3" time="0.000170"/>
        <testcase name="testVoidParameters" class="Omnipay\Cathaybk\Tests\UnionPayGatewayTest" classname="Omnipay.Cathaybk.Tests.UnionPayGatewayTest" file="/Users/recca0120/Sites/omnipay-cathaybk/tests/UnionPayGatewayTest.php" line="305" assertions="3" time="0.000167"/>
        <testcase name="testCreateCardParameters" class="Omnipay\Cathaybk\Tests\UnionPayGatewayTest" classname="Omnipay.Cathaybk.Tests.UnionPayGatewayTest" file="/Users/recca0120/Sites/omnipay-cathaybk/tests/UnionPayGatewayTest.php" line="324" assertions="0" time="0.000158"/>
        <testcase name="testDeleteCardParameters" class="Omnipay\Cathaybk\Tests\UnionPayGatewayTest" classname="Omnipay.Cathaybk.Tests.UnionPayGatewayTest" file="/Users/recca0120/Sites/omnipay-cathaybk/tests/UnionPayGatewayTest.php" line="343" assertions="0" time="0.000162"/>
        <testcase name="testUpdateCardParameters" class="Omnipay\Cathaybk\Tests\UnionPayGatewayTest" classname="Omnipay.Cathaybk.Tests.UnionPayGatewayTest" file="/Users/recca0120/Sites/omnipay-cathaybk/tests/UnionPayGatewayTest.php" line="362" assertions="0" time="0.000157"/>
      </testsuite>
    </testsuite>
  </testsuite>
</testsuites>
