<?xml version="1.0" encoding="UTF-8"?>
<testsuites>
  <testsuite name="" tests="86" assertions="274" errors="0" warnings="3" failures="0" skipped="0" time="0.034529">
    <testsuite name="Omnipay Test Suite" tests="86" assertions="274" errors="0" warnings="3" failures="0" skipped="0" time="0.034529">
      <testsuite name="Omnipay\Cathaybk\Tests\GatewayTest" file="/Users/recca0120/Sites/omnipay-cathaybk/tests/GatewayTest.php" tests="33" assertions="61" errors="0" warnings="0" failures="0" skipped="0" time="0.016664">
        <testcase name="testPurchase" class="Omnipay\Cathaybk\Tests\GatewayTest" classname="Omnipay.Cathaybk.Tests.GatewayTest" file="/Users/recca0120/Sites/omnipay-cathaybk/tests/GatewayTest.php" line="37" assertions="4" time="0.009537"/>
        <testcase name="testGetAcceptNotificationWhenCompletePurchaseHasStrRsXML" class="Omnipay\Cathaybk\Tests\GatewayTest" classname="Omnipay.Cathaybk.Tests.GatewayTest" file="/Users/recca0120/Sites/omnipay-cathaybk/tests/GatewayTest.php" line="54" assertions="1" time="0.000625"/>
        <testcase name="testCompletePurchase" class="Omnipay\Cathaybk\Tests\GatewayTest" classname="Omnipay.Cathaybk.Tests.GatewayTest" file="/Users/recca0120/Sites/omnipay-cathaybk/tests/GatewayTest.php" line="61" assertions="3" time="0.000653"/>
        <testcase name="testAcceptNotification" class="Omnipay\Cathaybk\Tests\GatewayTest" classname="Omnipay.Cathaybk.Tests.GatewayTest" file="/Users/recca0120/Sites/omnipay-cathaybk/tests/GatewayTest.php" line="75" assertions="1" time="0.000170"/>
        <testcase name="testFetchTransaction" class="Omnipay\Cathaybk\Tests\GatewayTest" classname="Omnipay.Cathaybk.Tests.GatewayTest" file="/Users/recca0120/Sites/omnipay-cathaybk/tests/GatewayTest.php" line="82" assertions="1" time="0.000337"/>
        <testcase name="testRefund" class="Omnipay\Cathaybk\Tests\GatewayTest" classname="Omnipay.Cathaybk.Tests.GatewayTest" file="/Users/recca0120/Sites/omnipay-cathaybk/tests/GatewayTest.php" line="89" assertions="1" time="0.000322"/>
        <testcase name="testVoid" class="Omnipay\Cathaybk\Tests\GatewayTest" classname="Omnipay.Cathaybk.Tests.GatewayTest" file="/Users/recca0120/Sites/omnipay-cathaybk/tests/GatewayTest.php" line="96" assertions="1" time="0.000236"/>
        <testcase name="testGetNameNotEmpty" class="Omnipay\Cathaybk\Tests\GatewayTest" classname="Omnipay.Cathaybk.Tests.GatewayTest" file="/Users/recca0120/Sites/omnipay-cathaybk/tests/GatewayTest.php" line="18" assertions="2" time="0.000658"/>
        <testcase name="testGetShortNameNotEmpty" class="Omnipay\Cathaybk\Tests\GatewayTest" classname="Omnipay.Cathaybk.Tests.GatewayTest" file="/Users/recca0120/Sites/omnipay-cathaybk/tests/GatewayTest.php" line="25" assertions="2" time="0.000162"/>
        <testcase name="testGetDefaultParametersReturnsArray" class="Omnipay\Cathaybk\Tests\GatewayTest" classname="Omnipay.Cathaybk.Tests.GatewayTest" file="/Users/recca0120/Sites/omnipay-cathaybk/tests/GatewayTest.php" line="32" assertions="1" time="0.000149"/>
        <testcase name="testDefaultParametersHaveMatchingMethods" class="Omnipay\Cathaybk\Tests\GatewayTest" classname="Omnipay.Cathaybk.Tests.GatewayTest" file="/Users/recca0120/Sites/omnipay-cathaybk/tests/GatewayTest.php" line="38" assertions="8" time="0.000316"/>
        <testcase name="testTestMode" class="Omnipay\Cathaybk\Tests\GatewayTest" classname="Omnipay.Cathaybk.Tests.GatewayTest" file="/Users/recca0120/Sites/omnipay-cathaybk/tests/GatewayTest.php" line="55" assertions="4" time="0.000171"/>
        <testcase name="testCurrency" class="Omnipay\Cathaybk\Tests\GatewayTest" classname="Omnipay.Cathaybk.Tests.GatewayTest" file="/Users/recca0120/Sites/omnipay-cathaybk/tests/GatewayTest.php" line="64" assertions="2" time="0.000135"/>
        <testcase name="testSupportsAuthorize" class="Omnipay\Cathaybk\Tests\GatewayTest" classname="Omnipay.Cathaybk.Tests.GatewayTest" file="/Users/recca0120/Sites/omnipay-cathaybk/tests/GatewayTest.php" line="71" assertions="2" time="0.000179"/>
        <testcase name="testSupportsCompleteAuthorize" class="Omnipay\Cathaybk\Tests\GatewayTest" classname="Omnipay.Cathaybk.Tests.GatewayTest" file="/Users/recca0120/Sites/omnipay-cathaybk/tests/GatewayTest.php" line="83" assertions="2" time="0.000175"/>
        <testcase name="testSupportsCapture" class="Omnipay\Cathaybk\Tests\GatewayTest" classname="Omnipay.Cathaybk.Tests.GatewayTest" file="/Users/recca0120/Sites/omnipay-cathaybk/tests/GatewayTest.php" line="95" assertions="2" time="0.000238"/>
        <testcase name="testSupportsPurchase" class="Omnipay\Cathaybk\Tests\GatewayTest" classname="Omnipay.Cathaybk.Tests.GatewayTest" file="/Users/recca0120/Sites/omnipay-cathaybk/tests/GatewayTest.php" line="107" assertions="2" time="0.000149"/>
        <testcase name="testSupportsCompletePurchase" class="Omnipay\Cathaybk\Tests\GatewayTest" classname="Omnipay.Cathaybk.Tests.GatewayTest" file="/Users/recca0120/Sites/omnipay-cathaybk/tests/GatewayTest.php" line="119" assertions="2" time="0.000186"/>
        <testcase name="testSupportsRefund" class="Omnipay\Cathaybk\Tests\GatewayTest" classname="Omnipay.Cathaybk.Tests.GatewayTest" file="/Users/recca0120/Sites/omnipay-cathaybk/tests/GatewayTest.php" line="131" assertions="2" time="0.000141"/>
        <testcase name="testSupportsVoid" class="Omnipay\Cathaybk\Tests\GatewayTest" classname="Omnipay.Cathaybk.Tests.GatewayTest" file="/Users/recca0120/Sites/omnipay-cathaybk/tests/GatewayTest.php" line="143" assertions="2" time="0.000135"/>
        <testcase name="testSupportsCreateCard" class="Omnipay\Cathaybk\Tests\GatewayTest" classname="Omnipay.Cathaybk.Tests.GatewayTest" file="/Users/recca0120/Sites/omnipay-cathaybk/tests/GatewayTest.php" line="155" assertions="2" time="0.000117"/>
        <testcase name="testSupportsDeleteCard" class="Omnipay\Cathaybk\Tests\GatewayTest" classname="Omnipay.Cathaybk.Tests.GatewayTest" file="/Users/recca0120/Sites/omnipay-cathaybk/tests/GatewayTest.php" line="167" assertions="2" time="0.000110"/>
        <testcase name="testSupportsUpdateCard" class="Omnipay\Cathaybk\Tests\GatewayTest" classname="Omnipay.Cathaybk.Tests.GatewayTest" file="/Users/recca0120/Sites/omnipay-cathaybk/tests/GatewayTest.php" line="179" assertions="2" time="0.000121"/>
        <testcase name="testAuthorizeParameters" class="Omnipay\Cathaybk\Tests\GatewayTest" classname="Omnipay.Cathaybk.Tests.GatewayTest" file="/Users/recca0120/Sites/omnipay-cathaybk/tests/GatewayTest.php" line="191" assertions="0" time="0.000234"/>
        <testcase name="testCompleteAuthorizeParameters" class="Omnipay\Cathaybk\Tests\GatewayTest" classname="Omnipay.Cathaybk.Tests.GatewayTest" file="/Users/recca0120/Sites/omnipay-cathaybk/tests/GatewayTest.php" line="210" assertions="0" time="0.000178"/>
        <testcase name="testCaptureParameters" class="Omnipay\Cathaybk\Tests\GatewayTest" classname="Omnipay.Cathaybk.Tests.GatewayTest" file="/Users/recca0120/Sites/omnipay-cathaybk/tests/GatewayTest.php" line="229" assertions="2" time="0.000148"/>
        <testcase name="testPurchaseParameters" class="Omnipay\Cathaybk\Tests\GatewayTest" classname="Omnipay.Cathaybk.Tests.GatewayTest" file="/Users/recca0120/Sites/omnipay-cathaybk/tests/GatewayTest.php" line="248" assertions="2" time="0.000158"/>
        <testcase name="testCompletePurchaseParameters" class="Omnipay\Cathaybk\Tests\GatewayTest" classname="Omnipay.Cathaybk.Tests.GatewayTest" file="/Users/recca0120/Sites/omnipay-cathaybk/tests/GatewayTest.php" line="267" assertions="2" time="0.000153"/>
        <testcase name="testRefundParameters" class="Omnipay\Cathaybk\Tests\GatewayTest" classname="Omnipay.Cathaybk.Tests.GatewayTest" file="/Users/recca0120/Sites/omnipay-cathaybk/tests/GatewayTest.php" line="286" assertions="2" time="0.000164"/>
        <testcase name="testVoidParameters" class="Omnipay\Cathaybk\Tests\GatewayTest" classname="Omnipay.Cathaybk.Tests.GatewayTest" file="/Users/recca0120/Sites/omnipay-cathaybk/tests/GatewayTest.php" line="305" assertions="2" time="0.000153"/>
        <testcase name="testCreateCardParameters" class="Omnipay\Cathaybk\Tests\GatewayTest" classname="Omnipay.Cathaybk.Tests.GatewayTest" file="/Users/recca0120/Sites/omnipay-cathaybk/tests/GatewayTest.php" line="324" assertions="0" time="0.000150"/>
        <testcase name="testDeleteCardParameters" class="Omnipay\Cathaybk\Tests\GatewayTest" classname="Omnipay.Cathaybk.Tests.GatewayTest" file="/Users/recca0120/Sites/omnipay-cathaybk/tests/GatewayTest.php" line="343" assertions="0" time="0.000147"/>
        <testcase name="testUpdateCardParameters" class="Omnipay\Cathaybk\Tests\GatewayTest" classname="Omnipay.Cathaybk.Tests.GatewayTest" file="/Users/recca0120/Sites/omnipay-cathaybk/tests/GatewayTest.php" line="362" assertions="0" time="0.000158"/>
      </testsuite>
      <testsuite name="Omnipay\Cathaybk\Tests\Message\AcceptNotificationRequestTest" file="/Users/recca0120/Sites/omnipay-cathaybk/tests/Message/AcceptNotificationRequestTest.php" tests="2" assertions="4" errors="0" warnings="0" failures="0" skipped="0" time="0.000392">
        <testcase name="testGetData" class="Omnipay\Cathaybk\Tests\Message\AcceptNotificationRequestTest" classname="Omnipay.Cathaybk.Tests.Message.AcceptNotificationRequestTest" file="/Users/recca0120/Sites/omnipay-cathaybk/tests/Message/AcceptNotificationRequestTest.php" line="16" assertions="1" time="0.000227"/>
        <testcase name="testNotification" class="Omnipay\Cathaybk\Tests\Message\AcceptNotificationRequestTest" classname="Omnipay.Cathaybk.Tests.Message.AcceptNotificationRequestTest" file="/Users/recca0120/Sites/omnipay-cathaybk/tests/Message/AcceptNotificationRequestTest.php" line="48" assertions="3" time="0.000165"/>
      </testsuite>
      <testsuite name="Omnipay\Cathaybk\Tests\Message\AcceptNotificationResponseTest" file="/Users/recca0120/Sites/omnipay-cathaybk/tests/Message/AcceptNotificationResponseTest.php" tests="1" assertions="7" errors="0" warnings="0" failures="0" skipped="0" time="0.002068">
        <testcase name="testSuccess" class="Omnipay\Cathaybk\Tests\Message\AcceptNotificationResponseTest" classname="Omnipay.Cathaybk.Tests.Message.AcceptNotificationResponseTest" file="/Users/recca0120/Sites/omnipay-cathaybk/tests/Message/AcceptNotificationResponseTest.php" line="11" assertions="7" time="0.002068"/>
      </testsuite>
      <testsuite name="Omnipay\Cathaybk\Tests\Message\CaptureRequestTest" file="/Users/recca0120/Sites/omnipay-cathaybk/tests/Message/CaptureRequestTest.php" tests="4" assertions="19" errors="0" warnings="0" failures="0" skipped="0" time="0.002192">
        <testcase name="testGetData" class="Omnipay\Cathaybk\Tests\Message\CaptureRequestTest" classname="Omnipay.Cathaybk.Tests.Message.CaptureRequestTest" file="/Users/recca0120/Sites/omnipay-cathaybk/tests/Message/CaptureRequestTest.php" line="12" assertions="5" time="0.001695"/>
        <testcase name="testResponse" class="Omnipay\Cathaybk\Tests\Message\CaptureRequestTest" classname="Omnipay.Cathaybk.Tests.Message.CaptureRequestTest" file="/Users/recca0120/Sites/omnipay-cathaybk/tests/Message/CaptureRequestTest.php" line="42" assertions="4" time="0.000100"/>
        <testcase name="testGetDataByCancel" class="Omnipay\Cathaybk\Tests\Message\CaptureRequestTest" classname="Omnipay.Cathaybk.Tests.Message.CaptureRequestTest" file="/Users/recca0120/Sites/omnipay-cathaybk/tests/Message/CaptureRequestTest.php" line="59" assertions="5" time="0.000275"/>
        <testcase name="testResponseByCancel" class="Omnipay\Cathaybk\Tests\Message\CaptureRequestTest" classname="Omnipay.Cathaybk.Tests.Message.CaptureRequestTest" file="/Users/recca0120/Sites/omnipay-cathaybk/tests/Message/CaptureRequestTest.php" line="89" assertions="5" time="0.000122"/>
      </testsuite>
      <testsuite name="Omnipay\Cathaybk\Tests\Message\FetchTransactionRequestTest" file="/Users/recca0120/Sites/omnipay-cathaybk/tests/Message/FetchTransactionRequestTest.php" tests="2" assertions="7" errors="0" warnings="0" failures="0" skipped="0" time="0.000531">
        <testcase name="testGetData" class="Omnipay\Cathaybk\Tests\Message\FetchTransactionRequestTest" classname="Omnipay.Cathaybk.Tests.Message.FetchTransactionRequestTest" file="/Users/recca0120/Sites/omnipay-cathaybk/tests/Message/FetchTransactionRequestTest.php" line="12" assertions="5" time="0.000356"/>
        <testcase name="testResponse" class="Omnipay\Cathaybk\Tests\Message\FetchTransactionRequestTest" classname="Omnipay.Cathaybk.Tests.Message.FetchTransactionRequestTest" file="/Users/recca0120/Sites/omnipay-cathaybk/tests/Message/FetchTransactionRequestTest.php" line="40" assertions="2" time="0.000175"/>
      </testsuite>
      <testsuite name="Omnipay\Cathaybk\Tests\Message\PurchaseRequestTest" file="/Users/recca0120/Sites/omnipay-cathaybk/tests/Message/PurchaseRequestTest.php" tests="3" assertions="16" errors="0" warnings="0" failures="0" skipped="0" time="0.000805">
        <testcase name="testGetData" class="Omnipay\Cathaybk\Tests\Message\PurchaseRequestTest" classname="Omnipay.Cathaybk.Tests.Message.PurchaseRequestTest" file="/Users/recca0120/Sites/omnipay-cathaybk/tests/Message/PurchaseRequestTest.php" line="17" assertions="6" time="0.000205"/>
        <testcase name="testGetPeriodNumberData" class="Omnipay\Cathaybk\Tests\Message\PurchaseRequestTest" classname="Omnipay.Cathaybk.Tests.Message.PurchaseRequestTest" file="/Users/recca0120/Sites/omnipay-cathaybk/tests/Message/PurchaseRequestTest.php" line="41" assertions="7" time="0.000244"/>
        <testcase name="testRedirect" class="Omnipay\Cathaybk\Tests\Message\PurchaseRequestTest" classname="Omnipay.Cathaybk.Tests.Message.PurchaseRequestTest" file="/Users/recca0120/Sites/omnipay-cathaybk/tests/Message/PurchaseRequestTest.php" line="66" assertions="3" time="0.000356"/>
      </testsuite>
      <testsuite name="Omnipay\Cathaybk\Tests\Message\PurchaseResponseTest" file="/Users/recca0120/Sites/omnipay-cathaybk/tests/Message/PurchaseResponseTest.php" tests="3" assertions="49" errors="0" warnings="2" failures="0" skipped="0" time="0.001942">
        <testcase name="testSuccess" class="Omnipay\Cathaybk\Tests\Message\PurchaseResponseTest" classname="Omnipay.Cathaybk.Tests.Message.PurchaseResponseTest" file="/Users/recca0120/Sites/omnipay-cathaybk/tests/Message/PurchaseResponseTest.php" line="13" assertions="23" time="0.001583">
          <warning type="PHPUnit\Framework\Warning">Omnipay\Cathaybk\Tests\Message\PurchaseResponseTest::testSuccess
assertEqualXMLStructure() is deprecated and will be removed in PHPUnit 10.</warning>
        </testcase>
        <testcase name="testPeriodNumberSuccess" class="Omnipay\Cathaybk\Tests\Message\PurchaseResponseTest" classname="Omnipay.Cathaybk.Tests.Message.PurchaseResponseTest" file="/Users/recca0120/Sites/omnipay-cathaybk/tests/Message/PurchaseResponseTest.php" line="38" assertions="24" time="0.000271">
          <warning type="PHPUnit\Framework\Warning">Omnipay\Cathaybk\Tests\Message\PurchaseResponseTest::testPeriodNumberSuccess
assertEqualXMLStructure() is deprecated and will be removed in PHPUnit 10.</warning>
        </testcase>
        <testcase name="testSetTestMode" class="Omnipay\Cathaybk\Tests\Message\PurchaseResponseTest" classname="Omnipay.Cathaybk.Tests.Message.PurchaseResponseTest" file="/Users/recca0120/Sites/omnipay-cathaybk/tests/Message/PurchaseResponseTest.php" line="59" assertions="2" time="0.000087"/>
      </testsuite>
      <testsuite name="Omnipay\Cathaybk\Tests\Message\RefundRequestTest" file="/Users/recca0120/Sites/omnipay-cathaybk/tests/Message/RefundRequestTest.php" tests="4" assertions="19" errors="0" warnings="0" failures="0" skipped="0" time="0.001009">
        <testcase name="testGetData" class="Omnipay\Cathaybk\Tests\Message\RefundRequestTest" classname="Omnipay.Cathaybk.Tests.Message.RefundRequestTest" file="/Users/recca0120/Sites/omnipay-cathaybk/tests/Message/RefundRequestTest.php" line="12" assertions="5" time="0.000393"/>
        <testcase name="testResponse" class="Omnipay\Cathaybk\Tests\Message\RefundRequestTest" classname="Omnipay.Cathaybk.Tests.Message.RefundRequestTest" file="/Users/recca0120/Sites/omnipay-cathaybk/tests/Message/RefundRequestTest.php" line="42" assertions="4" time="0.000133"/>
        <testcase name="testGetDataByCancel" class="Omnipay\Cathaybk\Tests\Message\RefundRequestTest" classname="Omnipay.Cathaybk.Tests.Message.RefundRequestTest" file="/Users/recca0120/Sites/omnipay-cathaybk/tests/Message/RefundRequestTest.php" line="60" assertions="5" time="0.000351"/>
        <testcase name="testResponseByCancel" class="Omnipay\Cathaybk\Tests\Message\RefundRequestTest" classname="Omnipay.Cathaybk.Tests.Message.RefundRequestTest" file="/Users/recca0120/Sites/omnipay-cathaybk/tests/Message/RefundRequestTest.php" line="90" assertions="5" time="0.000131"/>
      </testsuite>
      <testsuite name="Omnipay\Cathaybk\Tests\Message\UnionPayPurchaseRequestTest" file="/Users/recca0120/Sites/omnipay-cathaybk/tests/Message/UnionPayPurchaseRequestTest.php" tests="2" assertions="8" errors="0" warnings="0" failures="0" skipped="0" time="0.000732">
        <testcase name="testGetData" class="Omnipay\Cathaybk\Tests\Message\UnionPayPurchaseRequestTest" classname="Omnipay.Cathaybk.Tests.Message.UnionPayPurchaseRequestTest" file="/Users/recca0120/Sites/omnipay-cathaybk/tests/Message/UnionPayPurchaseRequestTest.php" line="13" assertions="5" time="0.000324"/>
        <testcase name="testRedirect" class="Omnipay\Cathaybk\Tests\Message\UnionPayPurchaseRequestTest" classname="Omnipay.Cathaybk.Tests.Message.UnionPayPurchaseRequestTest" file="/Users/recca0120/Sites/omnipay-cathaybk/tests/Message/UnionPayPurchaseRequestTest.php" line="33" assertions="3" time="0.000408"/>
      </testsuite>
      <testsuite name="Omnipay\Cathaybk\Tests\Message\UnionPayPurchaseResponseTest" file="/Users/recca0120/Sites/omnipay-cathaybk/tests/Message/UnionPayPurchaseResponseTest.php" tests="1" assertions="18" errors="0" warnings="1" failures="0" skipped="0" time="0.000230">
        <testcase name="testSuccess" class="Omnipay\Cathaybk\Tests\Message\UnionPayPurchaseResponseTest" classname="Omnipay.Cathaybk.Tests.Message.UnionPayPurchaseResponseTest" file="/Users/recca0120/Sites/omnipay-cathaybk/tests/Message/UnionPayPurchaseResponseTest.php" line="12" assertions="18" time="0.000230">
          <warning type="PHPUnit\Framework\Warning">Omnipay\Cathaybk\Tests\Message\UnionPayPurchaseResponseTest::testSuccess
assertEqualXMLStructure() is deprecated and will be removed in PHPUnit 10.</warning>
        </testcase>
      </testsuite>
      <testsuite name="Omnipay\Cathaybk\Tests\Message\VoidRequestTest" file="/Users/recca0120/Sites/omnipay-cathaybk/tests/Message/VoidRequestTest.php" tests="2" assertions="9" errors="0" warnings="0" failures="0" skipped="0" time="0.000443">
        <testcase name="testGetData" class="Omnipay\Cathaybk\Tests\Message\VoidRequestTest" classname="Omnipay.Cathaybk.Tests.Message.VoidRequestTest" file="/Users/recca0120/Sites/omnipay-cathaybk/tests/Message/VoidRequestTest.php" line="12" assertions="5" time="0.000343"/>
        <testcase name="testResponse" class="Omnipay\Cathaybk\Tests\Message\VoidRequestTest" classname="Omnipay.Cathaybk.Tests.Message.VoidRequestTest" file="/Users/recca0120/Sites/omnipay-cathaybk/tests/Message/VoidRequestTest.php" line="40" assertions="4" time="0.000100"/>
      </testsuite>
      <testsuite name="Omnipay\Cathaybk\Tests\UnionPayGatewayTest" file="/Users/recca0120/Sites/omnipay-cathaybk/tests/UnionPayGatewayTest.php" tests="29" assertions="57" errors="0" warnings="0" failures="0" skipped="0" time="0.007522">
        <testcase name="testPurchase" class="Omnipay\Cathaybk\Tests\UnionPayGatewayTest" classname="Omnipay.Cathaybk.Tests.UnionPayGatewayTest" file="/Users/recca0120/Sites/omnipay-cathaybk/tests/UnionPayGatewayTest.php" line="34" assertions="4" time="0.000230"/>
        <testcase name="testCompletePurchase" class="Omnipay\Cathaybk\Tests\UnionPayGatewayTest" classname="Omnipay.Cathaybk.Tests.UnionPayGatewayTest" file="/Users/recca0120/Sites/omnipay-cathaybk/tests/UnionPayGatewayTest.php" line="51" assertions="3" time="0.000306"/>
        <testcase name="testAcceptNotification" class="Omnipay\Cathaybk\Tests\UnionPayGatewayTest" classname="Omnipay.Cathaybk.Tests.UnionPayGatewayTest" file="/Users/recca0120/Sites/omnipay-cathaybk/tests/UnionPayGatewayTest.php" line="73" assertions="1" time="0.000262"/>
        <testcase name="testGetNameNotEmpty" class="Omnipay\Cathaybk\Tests\UnionPayGatewayTest" classname="Omnipay.Cathaybk.Tests.UnionPayGatewayTest" file="/Users/recca0120/Sites/omnipay-cathaybk/tests/UnionPayGatewayTest.php" line="18" assertions="2" time="0.000254"/>
        <testcase name="testGetShortNameNotEmpty" class="Omnipay\Cathaybk\Tests\UnionPayGatewayTest" classname="Omnipay.Cathaybk.Tests.UnionPayGatewayTest" file="/Users/recca0120/Sites/omnipay-cathaybk/tests/UnionPayGatewayTest.php" line="25" assertions="2" time="0.000253"/>
        <testcase name="testGetDefaultParametersReturnsArray" class="Omnipay\Cathaybk\Tests\UnionPayGatewayTest" classname="Omnipay.Cathaybk.Tests.UnionPayGatewayTest" file="/Users/recca0120/Sites/omnipay-cathaybk/tests/UnionPayGatewayTest.php" line="32" assertions="1" time="0.000248"/>
        <testcase name="testDefaultParametersHaveMatchingMethods" class="Omnipay\Cathaybk\Tests\UnionPayGatewayTest" classname="Omnipay.Cathaybk.Tests.UnionPayGatewayTest" file="/Users/recca0120/Sites/omnipay-cathaybk/tests/UnionPayGatewayTest.php" line="38" assertions="8" time="0.000271"/>
        <testcase name="testTestMode" class="Omnipay\Cathaybk\Tests\UnionPayGatewayTest" classname="Omnipay.Cathaybk.Tests.UnionPayGatewayTest" file="/Users/recca0120/Sites/omnipay-cathaybk/tests/UnionPayGatewayTest.php" line="55" assertions="4" time="0.000306"/>
        <testcase name="testCurrency" class="Omnipay\Cathaybk\Tests\UnionPayGatewayTest" classname="Omnipay.Cathaybk.Tests.UnionPayGatewayTest" file="/Users/recca0120/Sites/omnipay-cathaybk/tests/UnionPayGatewayTest.php" line="64" assertions="2" time="0.000244"/>
        <testcase name="testSupportsAuthorize" class="Omnipay\Cathaybk\Tests\UnionPayGatewayTest" classname="Omnipay.Cathaybk.Tests.UnionPayGatewayTest" file="/Users/recca0120/Sites/omnipay-cathaybk/tests/UnionPayGatewayTest.php" line="71" assertions="2" time="0.000267"/>
        <testcase name="testSupportsCompleteAuthorize" class="Omnipay\Cathaybk\Tests\UnionPayGatewayTest" classname="Omnipay.Cathaybk.Tests.UnionPayGatewayTest" file="/Users/recca0120/Sites/omnipay-cathaybk/tests/UnionPayGatewayTest.php" line="83" assertions="2" time="0.000277"/>
        <testcase name="testSupportsCapture" class="Omnipay\Cathaybk\Tests\UnionPayGatewayTest" classname="Omnipay.Cathaybk.Tests.UnionPayGatewayTest" file="/Users/recca0120/Sites/omnipay-cathaybk/tests/UnionPayGatewayTest.php" line="95" assertions="2" time="0.000407"/>
        <testcase name="testSupportsPurchase" class="Omnipay\Cathaybk\Tests\UnionPayGatewayTest" classname="Omnipay.Cathaybk.Tests.UnionPayGatewayTest" file="/Users/recca0120/Sites/omnipay-cathaybk/tests/UnionPayGatewayTest.php" line="107" assertions="2" time="0.000296"/>
        <testcase name="testSupportsCompletePurchase" class="Omnipay\Cathaybk\Tests\UnionPayGatewayTest" classname="Omnipay.Cathaybk.Tests.UnionPayGatewayTest" file="/Users/recca0120/Sites/omnipay-cathaybk/tests/UnionPayGatewayTest.php" line="119" assertions="2" time="0.000252"/>
        <testcase name="testSupportsRefund" class="Omnipay\Cathaybk\Tests\UnionPayGatewayTest" classname="Omnipay.Cathaybk.Tests.UnionPayGatewayTest" file="/Users/recca0120/Sites/omnipay-cathaybk/tests/UnionPayGatewayTest.php" line="131" assertions="2" time="0.000304"/>
        <testcase name="testSupportsVoid" class="Omnipay\Cathaybk\Tests\UnionPayGatewayTest" classname="Omnipay.Cathaybk.Tests.UnionPayGatewayTest" file="/Users/recca0120/Sites/omnipay-cathaybk/tests/UnionPayGatewayTest.php" line="143" assertions="2" time="0.000224"/>
        <testcase name="testSupportsCreateCard" class="Omnipay\Cathaybk\Tests\UnionPayGatewayTest" classname="Omnipay.Cathaybk.Tests.UnionPayGatewayTest" file="/Users/recca0120/Sites/omnipay-cathaybk/tests/UnionPayGatewayTest.php" line="155" assertions="2" time="0.000234"/>
        <testcase name="testSupportsDeleteCard" class="Omnipay\Cathaybk\Tests\UnionPayGatewayTest" classname="Omnipay.Cathaybk.Tests.UnionPayGatewayTest" file="/Users/recca0120/Sites/omnipay-cathaybk/tests/UnionPayGatewayTest.php" line="167" assertions="2" time="0.000221"/>
        <testcase name="testSupportsUpdateCard" class="Omnipay\Cathaybk\Tests\UnionPayGatewayTest" classname="Omnipay.Cathaybk.Tests.UnionPayGatewayTest" file="/Users/recca0120/Sites/omnipay-cathaybk/tests/UnionPayGatewayTest.php" line="179" assertions="2" time="0.000229"/>
        <testcase name="testAuthorizeParameters" class="Omnipay\Cathaybk\Tests\UnionPayGatewayTest" classname="Omnipay.Cathaybk.Tests.UnionPayGatewayTest" file="/Users/recca0120/Sites/omnipay-cathaybk/tests/UnionPayGatewayTest.php" line="191" assertions="0" time="0.000221"/>
        <testcase name="testCompleteAuthorizeParameters" class="Omnipay\Cathaybk\Tests\UnionPayGatewayTest" classname="Omnipay.Cathaybk.Tests.UnionPayGatewayTest" file="/Users/recca0120/Sites/omnipay-cathaybk/tests/UnionPayGatewayTest.php" line="210" assertions="0" time="0.000231"/>
        <testcase name="testCaptureParameters" class="Omnipay\Cathaybk\Tests\UnionPayGatewayTest" classname="Omnipay.Cathaybk.Tests.UnionPayGatewayTest" file="/Users/recca0120/Sites/omnipay-cathaybk/tests/UnionPayGatewayTest.php" line="229" assertions="2" time="0.000248"/>
        <testcase name="testPurchaseParameters" class="Omnipay\Cathaybk\Tests\UnionPayGatewayTest" classname="Omnipay.Cathaybk.Tests.UnionPayGatewayTest" file="/Users/recca0120/Sites/omnipay-cathaybk/tests/UnionPayGatewayTest.php" line="248" assertions="2" time="0.000245"/>
        <testcase name="testCompletePurchaseParameters" class="Omnipay\Cathaybk\Tests\UnionPayGatewayTest" classname="Omnipay.Cathaybk.Tests.UnionPayGatewayTest" file="/Users/recca0120/Sites/omnipay-cathaybk/tests/UnionPayGatewayTest.php" line="267" assertions="2" time="0.000252"/>
        <testcase name="testRefundParameters" class="Omnipay\Cathaybk\Tests\UnionPayGatewayTest" classname="Omnipay.Cathaybk.Tests.UnionPayGatewayTest" file="/Users/recca0120/Sites/omnipay-cathaybk/tests/UnionPayGatewayTest.php" line="286" assertions="2" time="0.000249"/>
        <testcase name="testVoidParameters" class="Omnipay\Cathaybk\Tests\UnionPayGatewayTest" classname="Omnipay.Cathaybk.Tests.UnionPayGatewayTest" file="/Users/recca0120/Sites/omnipay-cathaybk/tests/UnionPayGatewayTest.php" line="305" assertions="2" time="0.000254"/>
        <testcase name="testCreateCardParameters" class="Omnipay\Cathaybk\Tests\UnionPayGatewayTest" classname="Omnipay.Cathaybk.Tests.UnionPayGatewayTest" file="/Users/recca0120/Sites/omnipay-cathaybk/tests/UnionPayGatewayTest.php" line="324" assertions="0" time="0.000243"/>
        <testcase name="testDeleteCardParameters" class="Omnipay\Cathaybk\Tests\UnionPayGatewayTest" classname="Omnipay.Cathaybk.Tests.UnionPayGatewayTest" file="/Users/recca0120/Sites/omnipay-cathaybk/tests/UnionPayGatewayTest.php" line="343" assertions="0" time="0.000247"/>
        <testcase name="testUpdateCardParameters" class="Omnipay\Cathaybk\Tests\UnionPayGatewayTest" classname="Omnipay.Cathaybk.Tests.UnionPayGatewayTest" file="/Users/recca0120/Sites/omnipay-cathaybk/tests/UnionPayGatewayTest.php" line="362" assertions="0" time="0.000246"/>
      </testsuite>
    </testsuite>
  </testsuite>
</testsuites>
